<?xml version="1.0" encoding="UTF-8"?>
<testsuite name="PhotosSpec" tests="2" skipped="0" failures="0" errors="0" timestamp="2018-11-19T13:33:55" hostname="stan-XPS-15-9560" time="1.247">
  <properties/>
  <testcase name="Photo endpoint GET returns photo collection with size 5000" classname="PhotosSpec" time="1.029"/>
  <testcase name="Photo endpoint returns correct title for GET on single photo" classname="PhotosSpec" time="0.218"/>
  <system-out><![CDATA[]]></system-out>
  <system-err><![CDATA[]]></system-err>
</testsuite>
